#
# There is insufficient memory for the Java Runtime Environment to continue.
# Native memory allocation (malloc) failed to allocate 32744 bytes. Error detail: ChunkPool::allocate
# Possible reasons:
#   The system is out of physical RAM or swap space
#   This process is running with CompressedOops enabled, and the Java Heap may be blocking the growth of the native heap
# Possible solutions:
#   Reduce memory load on the system
#   Increase physical memory or swap space
#   Check if swap backing store is full
#   Decrease Java heap size (-Xmx/-Xms)
#   Decrease number of Java threads
#   Decrease Java thread stack sizes (-Xss)
#   Set larger code cache with -XX:ReservedCodeCacheSize=
#   JVM is running with Unscaled Compressed Oops mode in which the Java heap is
#     placed in the first 4GB address space. The Java Heap base address is the
#     maximum limit for the native heap growth. Please use -XX:HeapBaseMinAddress
#     to set the Java Heap base and to place the Java Heap above 4GB virtual address.
# This output file may be truncated or incomplete.
#
#  Out of Memory Error (arena.cpp:79), pid=8836, tid=13880
#
# JRE version: OpenJDK Runtime Environment Temurin-17.0.13+11 (17.0.13+11) (build 17.0.13+11)
# Java VM: OpenJDK 64-Bit Server VM Temurin-17.0.13+11 (17.0.13+11, mixed mode, tiered, compressed oops, compressed class ptrs, parallel gc, windows-amd64)
# No core dump will be written. Minidumps are not enabled by default on client versions of Windows
#

---------------  S U M M A R Y ------------

Command Line: --add-modules=ALL-SYSTEM --add-opens=java.base/java.util=ALL-UNNAMED --add-opens=java.base/java.lang=ALL-UNNAMED --add-opens=java.base/sun.nio.fs=ALL-UNNAMED -Declipse.application=org.eclipse.jdt.ls.core.id1 -Dosgi.bundles.defaultStartLevel=4 -Declipse.product=org.eclipse.jdt.ls.core.product -Djava.import.generatesMetadataFilesAtProjectRoot=false -DDetectVMInstallationsJob.disabled=true -Dfile.encoding=utf8 -XX:+UseParallelGC -XX:GCTimeRatio=4 -XX:AdaptiveSizePolicyWeight=90 -Dsun.zip.disableMemoryMapping=true -Xmx1G -Xms100m -Xlog:disable -javaagent:c:\Users\DCL\.vscode\extensions\redhat.java-1.38.0-win32-x64\lombok\lombok-1.18.34.jar -XX:+HeapDumpOnOutOfMemoryError -XX:HeapDumpPath=c:\Users\DCL\AppData\Roaming\Code\User\workspaceStorage\f86e536196e5d44eb20c57bb79020ba0\redhat.java -Daether.dependencyCollector.impl=bf c:\Users\DCL\.vscode\extensions\redhat.java-1.38.0-win32-x64\server\plugins\org.eclipse.equinox.launcher_1.6.900.v20240613-2009.jar -configuration c:\Users\DCL\AppData\Roaming\Code\User\globalStorage\redhat.java\1.38.0\config_win -data c:\Users\DCL\AppData\Roaming\Code\User\workspaceStorage\f86e536196e5d44eb20c57bb79020ba0\redhat.java\jdt_ws --pipe=\\.\pipe\lsp-3879678dbff42b07424a29c168870e83-sock

Host: Intel(R) Core(TM) i3-10110U CPU @ 2.10GHz, 4 cores, 7G,  Windows 10 , 64 bit Build 19041 (10.0.19041.4957)
Time: Wed Jan  1 01:14:45 2025 Bangladesh Standard Time elapsed time: 27.012478 seconds (0d 0h 0m 27s)

---------------  T H R E A D  ---------------

Current thread (0x000001bdc65740b0):  JavaThread "C2 CompilerThread0" daemon [_thread_in_native, id=13880, stack(0x0000003aa1d00000,0x0000003aa1e00000)]


Current CompileTask:
C2:  27012 7319       4       org.eclipse.jdt.internal.compiler.parser.Parser::consumeRule (7871 bytes)

Stack: [0x0000003aa1d00000,0x0000003aa1e00000]
Native frames: (J=compiled Java code, j=interpreted, Vv=VM code, C=native code)
V  [jvm.dll+0x682a19]
V  [jvm.dll+0x839538]
V  [jvm.dll+0x83afe3]
V  [jvm.dll+0x83b653]
V  [jvm.dll+0x24704f]
V  [jvm.dll+0xad03c]
V  [jvm.dll+0xad4cc]
V  [jvm.dll+0x1dcc6c]
V  [jvm.dll+0x1de104]
V  [jvm.dll+0x1dc43e]
V  [jvm.dll+0x1dbc05]
V  [jvm.dll+0x1dc9ec]
V  [jvm.dll+0x1dbe6e]
V  [jvm.dll+0x1cbaa0]
V  [jvm.dll+0x126075]
V  [jvm.dll+0x1a4a26]
V  [jvm.dll+0x216ebb]
V  [jvm.dll+0x1a3070]
V  [jvm.dll+0x22788c]
V  [jvm.dll+0x2259eb]
V  [jvm.dll+0x7eec98]
V  [jvm.dll+0x7e8ffc]
V  [jvm.dll+0x6818f7]
C  [ucrtbase.dll+0x21bb2]
C  [KERNEL32.DLL+0x17374]
C  [ntdll.dll+0x4cc91]


---------------  P R O C E S S  ---------------

Threads class SMR info:
_java_thread_list=0x000001bdccf3ee50, length=43, elements={
0x000001bdb27031e0, 0x000001bdc6542750, 0x000001bdc65439e0, 0x000001bdc656d150,
0x000001bdc656dee0, 0x000001bdc656eb10, 0x000001bdc6573400, 0x000001bdc65740b0,
0x000001bdcb7c94a0, 0x000001bdc658eae0, 0x000001bdcb7ec920, 0x000001bdcba9d070,
0x000001bdcc135230, 0x000001bdcc212ef0, 0x000001bdcc58b890, 0x000001bdcc58bd70,
0x000001bdcc36c540, 0x000001bdcc7e5150, 0x000001bdcc7e4220, 0x000001bdcc7e5b70,
0x000001bdcc7e3800, 0x000001bdcc7e23c0, 0x000001bdcc7e4730, 0x000001bdcc7e4c40,
0x000001bdcc7e28d0, 0x000001bdcc7e2de0, 0x000001bdcc7e3d10, 0x000001bdcede7020,
0x000001bdcede7a40, 0x000001bdcede1500, 0x000001bdcede1f20, 0x000001bdcede7530,
0x000001bdcede3d80, 0x000001bdcede7f50, 0x000001bdcede8970, 0x000001bdcede8e80,
0x000001bdcede51c0, 0x000001bdcede56d0, 0x000001bdcede3360, 0x000001bdcede4290,
0x000001bdcede1a10, 0x000001bdcede3870, 0x000001bdcede4cb0
}

Java Threads: ( => current thread )
  0x000001bdb27031e0 JavaThread "main" [_thread_blocked, id=16768, stack(0x0000003aa1400000,0x0000003aa1500000)]
  0x000001bdc6542750 JavaThread "Reference Handler" daemon [_thread_blocked, id=12784, stack(0x0000003aa1700000,0x0000003aa1800000)]
  0x000001bdc65439e0 JavaThread "Finalizer" daemon [_thread_blocked, id=10016, stack(0x0000003aa1800000,0x0000003aa1900000)]
  0x000001bdc656d150 JavaThread "Signal Dispatcher" daemon [_thread_blocked, id=10036, stack(0x0000003aa1900000,0x0000003aa1a00000)]
  0x000001bdc656dee0 JavaThread "Attach Listener" daemon [_thread_blocked, id=10396, stack(0x0000003aa1a00000,0x0000003aa1b00000)]
  0x000001bdc656eb10 JavaThread "Service Thread" daemon [_thread_blocked, id=13136, stack(0x0000003aa1b00000,0x0000003aa1c00000)]
  0x000001bdc6573400 JavaThread "Monitor Deflation Thread" daemon [_thread_blocked, id=18532, stack(0x0000003aa1c00000,0x0000003aa1d00000)]
=>0x000001bdc65740b0 JavaThread "C2 CompilerThread0" daemon [_thread_in_native, id=13880, stack(0x0000003aa1d00000,0x0000003aa1e00000)]
  0x000001bdcb7c94a0 JavaThread "C1 CompilerThread0" daemon [_thread_blocked, id=3964, stack(0x0000003aa1e00000,0x0000003aa1f00000)]
  0x000001bdc658eae0 JavaThread "Sweeper thread" daemon [_thread_blocked, id=11244, stack(0x0000003aa1f00000,0x0000003aa2000000)]
  0x000001bdcb7ec920 JavaThread "Common-Cleaner" daemon [_thread_blocked, id=3616, stack(0x0000003aa2000000,0x0000003aa2100000)]
  0x000001bdcba9d070 JavaThread "Notification Thread" daemon [_thread_blocked, id=18060, stack(0x0000003aa2100000,0x0000003aa2200000)]
  0x000001bdcc135230 JavaThread "Active Thread: Equinox Container: dc9646cb-606b-4def-b986-9ca4854578f4" [_thread_blocked, id=7872, stack(0x0000003aa2700000,0x0000003aa2800000)]
  0x000001bdcc212ef0 JavaThread "Refresh Thread: Equinox Container: dc9646cb-606b-4def-b986-9ca4854578f4" daemon [_thread_blocked, id=3608, stack(0x0000003aa2600000,0x0000003aa2700000)]
  0x000001bdcc58b890 JavaThread "Framework Event Dispatcher: Equinox Container: dc9646cb-606b-4def-b986-9ca4854578f4" daemon [_thread_blocked, id=14480, stack(0x0000003aa2800000,0x0000003aa2900000)]
  0x000001bdcc58bd70 JavaThread "Start Level: Equinox Container: dc9646cb-606b-4def-b986-9ca4854578f4" daemon [_thread_blocked, id=7140, stack(0x0000003aa2900000,0x0000003aa2a00000)]
  0x000001bdcc36c540 JavaThread "Bundle File Closer" daemon [_thread_blocked, id=12220, stack(0x0000003aa2b00000,0x0000003aa2c00000)]
  0x000001bdcc7e5150 JavaThread "SCR Component Actor" daemon [_thread_blocked, id=15076, stack(0x0000003aa2c00000,0x0000003aa2d00000)]
  0x000001bdcc7e4220 JavaThread "Worker-JM" [_thread_blocked, id=13548, stack(0x0000003aa2d00000,0x0000003aa2e00000)]
  0x000001bdcc7e5b70 JavaThread "JNA Cleaner" daemon [_thread_blocked, id=4896, stack(0x0000003aa2e00000,0x0000003aa2f00000)]
  0x000001bdcc7e3800 JavaThread "Worker-0: Updating Maven Dependencies" [_thread_blocked, id=18552, stack(0x0000003aa2f00000,0x0000003aa3000000)]
  0x000001bdcc7e23c0 JavaThread "Worker-1" [_thread_blocked, id=17396, stack(0x0000003aa3000000,0x0000003aa3100000)]
  0x000001bdcc7e4730 JavaThread "Worker-2: Java indexing... " [_thread_blocked, id=8116, stack(0x0000003aa3100000,0x0000003aa3200000)]
  0x000001bdcc7e4c40 JavaThread "Worker-3" [_thread_blocked, id=14980, stack(0x0000003aa3300000,0x0000003aa3400000)]
  0x000001bdcc7e28d0 JavaThread "Java indexing" daemon [_thread_blocked, id=7880, stack(0x0000003aa3200000,0x0000003aa3300000)]
  0x000001bdcc7e2de0 JavaThread "Worker-4" [_thread_blocked, id=10296, stack(0x0000003aa3400000,0x0000003aa3500000)]
  0x000001bdcc7e3d10 JavaThread "Worker-5" [_thread_blocked, id=12124, stack(0x0000003aa3800000,0x0000003aa3900000)]
  0x000001bdcede7020 JavaThread "Thread-2" daemon [_thread_in_native, id=5140, stack(0x0000003aa3900000,0x0000003aa3a00000)]
  0x000001bdcede7a40 JavaThread "Thread-3" daemon [_thread_in_native, id=12952, stack(0x0000003aa3a00000,0x0000003aa3b00000)]
  0x000001bdcede1500 JavaThread "Thread-4" daemon [_thread_in_native, id=11744, stack(0x0000003aa3b00000,0x0000003aa3c00000)]
  0x000001bdcede1f20 JavaThread "Thread-5" daemon [_thread_in_native, id=18808, stack(0x0000003aa3c00000,0x0000003aa3d00000)]
  0x000001bdcede7530 JavaThread "Thread-6" daemon [_thread_in_native, id=17468, stack(0x0000003aa3d00000,0x0000003aa3e00000)]
  0x000001bdcede3d80 JavaThread "pool-2-thread-1" [_thread_blocked, id=18324, stack(0x0000003aa3e00000,0x0000003aa3f00000)]
  0x000001bdcede7f50 JavaThread "WorkspaceEventsHandler" [_thread_blocked, id=11332, stack(0x0000003aa2a00000,0x0000003aa2b00000)]
  0x000001bdcede8970 JavaThread "pool-1-thread-1" [_thread_blocked, id=8144, stack(0x0000003aa3f00000,0x0000003aa4000000)]
  0x000001bdcede8e80 JavaThread "Worker-6: Building" [_thread_blocked, id=9184, stack(0x0000003aa4000000,0x0000003aa4100000)]
  0x000001bdcede51c0 JavaThread "Worker-7" [_thread_blocked, id=13172, stack(0x0000003aa4100000,0x0000003aa4200000)]
  0x000001bdcede56d0 JavaThread "LocalFile Deleter" daemon [_thread_blocked, id=18756, stack(0x0000003aa3500000,0x0000003aa3600000)]
  0x000001bdcede3360 JavaThread "LocalFile Deleter" daemon [_thread_blocked, id=7468, stack(0x0000003aa4200000,0x0000003aa4300000)]
  0x000001bdcede4290 JavaThread "LocalFile Deleter" daemon [_thread_blocked, id=2848, stack(0x0000003aa4300000,0x0000003aa4400000)]
  0x000001bdcede1a10 JavaThread "Compiler Source File Reader" daemon [_thread_blocked, id=17680, stack(0x0000003aa4500000,0x0000003aa4600000)]
  0x000001bdcede3870 JavaThread "Compiler Source File Reader" daemon [_thread_blocked, id=14856, stack(0x0000003aa4600000,0x0000003aa4700000)]
  0x000001bdcede4cb0 JavaThread "Compiler Processing Task" daemon [_thread_in_Java, id=3348, stack(0x0000003aa4700000,0x0000003aa4800000)]

Other Threads:
  0x000001bdc652ae20 VMThread "VM Thread" [stack: 0x0000003aa1600000,0x0000003aa1700000] [id=13896]
  0x000001bdcba9d550 WatcherThread [stack: 0x0000003aa2200000,0x0000003aa2300000] [id=5892]
  0x000001bdb2717c50 GCTaskThread "GC Thread#0" [stack: 0x0000003aa1500000,0x0000003aa1600000] [id=18400]
  0x000001bdcc247930 GCTaskThread "GC Thread#1" [stack: 0x0000003aa2300000,0x0000003aa2400000] [id=13716]
  0x000001bdcc4e2f90 GCTaskThread "GC Thread#2" [stack: 0x0000003aa2400000,0x0000003aa2500000] [id=764]
  0x000001bdcc247bf0 GCTaskThread "GC Thread#3" [stack: 0x0000003aa2500000,0x0000003aa2600000] [id=11860]

Threads with active compile tasks:
C2 CompilerThread0    27046 7319       4       org.eclipse.jdt.internal.compiler.parser.Parser::consumeRule (7871 bytes)
C1 CompilerThread0    27046 7315       3       org.eclipse.core.internal.jobs.JobManager::lambda$8 (48 bytes)

VM state: not at safepoint (normal execution)

VM Mutex/Monitor currently owned by a thread: None

Heap address: 0x00000000c0000000, size: 1024 MB, Compressed Oops mode: 32-bit

CDS archive(s) not mapped
Compressed class space mapped at: 0x0000000100000000-0x0000000140000000, reserved size: 1073741824
Narrow klass base: 0x0000000000000000, Narrow klass shift: 3, Narrow klass range: 0x140000000

GC Precious Log:
 CPUs: 4 total, 4 available
 Memory: 7977M
 Large Page Support: Disabled
 NUMA Support: Disabled
 Compressed Oops: Enabled (32-bit)
 Alignments: Space 512K, Generation 512K, Heap 2M
 Heap Min Capacity: 100M
 Heap Initial Capacity: 100M
 Heap Max Capacity: 1G
 Pre-touch: Disabled
 Parallel Workers: 4

Heap:
 PSYoungGen      total 22016K, used 21322K [0x00000000eab00000, 0x00000000ec200000, 0x0000000100000000)
  eden space 21504K, 99% used [0x00000000eab00000,0x00000000ebfd2bc0,0x00000000ec000000)
  from space 512K, 0% used [0x00000000ec180000,0x00000000ec180000,0x00000000ec200000)
  to   space 1024K, 0% used [0x00000000ec000000,0x00000000ec000000,0x00000000ec100000)
 ParOldGen       total 68608K, used 29857K [0x00000000c0000000, 0x00000000c4300000, 0x00000000eab00000)
  object space 68608K, 43% used [0x00000000c0000000,0x00000000c1d28480,0x00000000c4300000)
 Metaspace       used 60103K, committed 61184K, reserved 1114112K
  class space    used 6325K, committed 6784K, reserved 1048576K

Card table byte_map: [0x000001bdb2090000,0x000001bdb22a0000] _byte_map_base: 0x000001bdb1a90000

Marking Bits: (ParMarkBitMap*) 0x00007ffab4d16940
 Begin Bits: [0x000001bdc4390000, 0x000001bdc5390000)
 End Bits:   [0x000001bdc5390000, 0x000001bdc6390000)

Polling page: 0x000001bdb0690000

Metaspace:

Usage:
  Non-class:     52.52 MB used.
      Class:      6.18 MB used.
       Both:     58.69 MB used.

Virtual space:
  Non-class space:       64.00 MB reserved,      53.12 MB ( 83%) committed,  1 nodes.
      Class space:        1.00 GB reserved,       6.62 MB ( <1%) committed,  1 nodes.
             Both:        1.06 GB reserved,      59.75 MB (  5%) committed. 

Chunk freelists:
   Non-Class:  10.59 MB
       Class:  9.26 MB
        Both:  19.86 MB

MaxMetaspaceSize: unlimited
CompressedClassSpaceSize: 1.00 GB
Initial GC threshold: 21.00 MB
Current GC threshold: 97.31 MB
CDS: off
MetaspaceReclaimPolicy: balanced
 - commit_granule_bytes: 65536.
 - commit_granule_words: 8192.
 - virtual_space_node_default_size: 8388608.
 - enlarge_chunks_in_place: 1.
 - new_chunks_are_fully_committed: 0.
 - uncommit_free_chunks: 1.
 - use_allocation_guard: 0.
 - handle_deallocations: 1.


Internal statistics:

num_allocs_failed_limit: 9.
num_arena_births: 620.
num_arena_deaths: 14.
num_vsnodes_births: 2.
num_vsnodes_deaths: 0.
num_space_committed: 956.
num_space_uncommitted: 0.
num_chunks_returned_to_freelist: 23.
num_chunks_taken_from_freelist: 2980.
num_chunk_merges: 13.
num_chunk_splits: 1867.
num_chunks_enlarged: 1094.
num_inconsistent_stats: 0.

CodeHeap 'non-profiled nmethods': size=120000Kb used=3995Kb max_used=3995Kb free=116005Kb
 bounds [0x000001bdbce60000, 0x000001bdbd250000, 0x000001bdc4390000]
CodeHeap 'profiled nmethods': size=120000Kb used=14207Kb max_used=14207Kb free=105792Kb
 bounds [0x000001bdb5390000, 0x000001bdb6180000, 0x000001bdbc8c0000]
CodeHeap 'non-nmethods': size=5760Kb used=1335Kb max_used=1420Kb free=4424Kb
 bounds [0x000001bdbc8c0000, 0x000001bdbcb30000, 0x000001bdbce60000]
 total_blobs=7147 nmethods=6470 adapters=591
 compilation: enabled
              stopped_count=0, restarted_count=0
 full_count=0

Compilation events (20 events):
Event: 26.524 Thread 0x000001bdcb7c94a0 7306       3       org.eclipse.jdt.internal.compiler.parser.Parser::consumeZeroTypeAnnotations (86 bytes)
Event: 26.525 Thread 0x000001bdcb7c94a0 nmethod 7306 0x000001bdb6169790 code [0x000001bdb6169980, 0x000001bdb616a168]
Event: 26.533 Thread 0x000001bdcb7c94a0 7307       3       org.eclipse.jdt.internal.compiler.parser.Scanner::checkTaskTag (937 bytes)
Event: 26.539 Thread 0x000001bdcb7c94a0 nmethod 7307 0x000001bdb616a410 code [0x000001bdb616a880, 0x000001bdb616d808]
Event: 26.540 Thread 0x000001bdcb7c94a0 7308   !   3       org.eclipse.jdt.internal.compiler.parser.Scanner::scanForTextBlockBeginning (99 bytes)
Event: 26.541 Thread 0x000001bdcb7c94a0 nmethod 7308 0x000001bdb616ea10 code [0x000001bdb616ebe0, 0x000001bdb616f0c8]
Event: 26.553 Thread 0x000001bdc65740b0 7309       4       org.eclipse.jdt.internal.compiler.parser.Parser::actFromTokenOrSynthetic (9 bytes)
Event: 26.555 Thread 0x000001bdcb7c94a0 7310       3       org.eclipse.jdt.internal.compiler.parser.Scanner::resetLookBack (15 bytes)
Event: 26.555 Thread 0x000001bdcb7c94a0 nmethod 7310 0x000001bdb616f410 code [0x000001bdb616f5a0, 0x000001bdb616f6f8]
Event: 26.555 Thread 0x000001bdcb7c94a0 7312       3       org.eclipse.jdt.internal.compiler.parser.Parser::pushOnExpressionStack (106 bytes)
Event: 26.556 Thread 0x000001bdcb7c94a0 nmethod 7312 0x000001bdb616f810 code [0x000001bdb616f9e0, 0x000001bdb616ffb8]
Event: 26.556 Thread 0x000001bdcb7c94a0 7311       3       org.eclipse.jdt.internal.compiler.ast.TypeReference::<init> (10 bytes)
Event: 26.556 Thread 0x000001bdc65740b0 nmethod 7309 0x000001bdbd246790 code [0x000001bdbd246920, 0x000001bdbd246a78]
Event: 26.556 Thread 0x000001bdcb7c94a0 nmethod 7311 0x000001bdb6170210 code [0x000001bdb61703c0, 0x000001bdb6170678]
Event: 26.556 Thread 0x000001bdcb7c94a0 7313       3       org.eclipse.jdt.internal.compiler.impl.IrritantSet::isSet (23 bytes)
Event: 26.556 Thread 0x000001bdcb7c94a0 nmethod 7313 0x000001bdb6170790 code [0x000001bdb6170940, 0x000001bdb6170af8]
Event: 26.569 Thread 0x000001bdcb7c94a0 7314       3       org.eclipse.jdt.internal.compiler.parser.Scanner::resetTo (120 bytes)
Event: 26.570 Thread 0x000001bdcb7c94a0 nmethod 7314 0x000001bdb6170c10 code [0x000001bdb6170dc0, 0x000001bdb61710d8]
Event: 26.919 Thread 0x000001bdcb7c94a0 7315       3       org.eclipse.core.internal.jobs.JobManager::lambda$8 (48 bytes)
Event: 27.008 Thread 0x000001bdc65740b0 7319       4       org.eclipse.jdt.internal.compiler.parser.Parser::consumeRule (7871 bytes)

GC Heap History (20 events):
Event: 16.715 GC heap before
{Heap before GC invocations=20 (full 2):
 PSYoungGen      total 23552K, used 23522K [0x00000000eab00000, 0x00000000ec780000, 0x0000000100000000)
  eden space 22016K, 100% used [0x00000000eab00000,0x00000000ec080000,0x00000000ec080000)
  from space 1536K, 98% used [0x00000000ec200000,0x00000000ec378800,0x00000000ec380000)
  to   space 3584K, 0% used [0x00000000ec400000,0x00000000ec400000,0x00000000ec780000)
 ParOldGen       total 68608K, used 21242K [0x00000000c0000000, 0x00000000c4300000, 0x00000000eab00000)
  object space 68608K, 30% used [0x00000000c0000000,0x00000000c14beb18,0x00000000c4300000)
 Metaspace       used 46815K, committed 47744K, reserved 1114112K
  class space    used 4860K, committed 5248K, reserved 1048576K
}
Event: 16.720 GC heap after
{Heap after GC invocations=20 (full 2):
 PSYoungGen      total 24064K, used 1536K [0x00000000eab00000, 0x00000000ec600000, 0x0000000100000000)
  eden space 22016K, 0% used [0x00000000eab00000,0x00000000eab00000,0x00000000ec080000)
  from space 2048K, 75% used [0x00000000ec400000,0x00000000ec580010,0x00000000ec600000)
  to   space 2560K, 0% used [0x00000000ec100000,0x00000000ec100000,0x00000000ec380000)
 ParOldGen       total 68608K, used 22748K [0x00000000c0000000, 0x00000000c4300000, 0x00000000eab00000)
  object space 68608K, 33% used [0x00000000c0000000,0x00000000c1637318,0x00000000c4300000)
 Metaspace       used 46815K, committed 47744K, reserved 1114112K
  class space    used 4860K, committed 5248K, reserved 1048576K
}
Event: 17.071 GC heap before
{Heap before GC invocations=21 (full 2):
 PSYoungGen      total 24064K, used 23552K [0x00000000eab00000, 0x00000000ec600000, 0x0000000100000000)
  eden space 22016K, 100% used [0x00000000eab00000,0x00000000ec080000,0x00000000ec080000)
  from space 2048K, 75% used [0x00000000ec400000,0x00000000ec580010,0x00000000ec600000)
  to   space 2560K, 0% used [0x00000000ec100000,0x00000000ec100000,0x00000000ec380000)
 ParOldGen       total 68608K, used 22748K [0x00000000c0000000, 0x00000000c4300000, 0x00000000eab00000)
  object space 68608K, 33% used [0x00000000c0000000,0x00000000c1637318,0x00000000c4300000)
 Metaspace       used 49307K, committed 50368K, reserved 1114112K
  class space    used 5154K, committed 5568K, reserved 1048576K
}
Event: 17.077 GC heap after
{Heap after GC invocations=21 (full 2):
 PSYoungGen      total 24576K, used 2061K [0x00000000eab00000, 0x00000000ec580000, 0x0000000100000000)
  eden space 22016K, 0% used [0x00000000eab00000,0x00000000eab00000,0x00000000ec080000)
  from space 2560K, 80% used [0x00000000ec100000,0x00000000ec303530,0x00000000ec380000)
  to   space 2048K, 0% used [0x00000000ec380000,0x00000000ec380000,0x00000000ec580000)
 ParOldGen       total 68608K, used 24165K [0x00000000c0000000, 0x00000000c4300000, 0x00000000eab00000)
  object space 68608K, 35% used [0x00000000c0000000,0x00000000c1799740,0x00000000c4300000)
 Metaspace       used 49307K, committed 50368K, reserved 1114112K
  class space    used 5154K, committed 5568K, reserved 1048576K
}
Event: 17.800 GC heap before
{Heap before GC invocations=22 (full 2):
 PSYoungGen      total 24576K, used 24077K [0x00000000eab00000, 0x00000000ec580000, 0x0000000100000000)
  eden space 22016K, 100% used [0x00000000eab00000,0x00000000ec080000,0x00000000ec080000)
  from space 2560K, 80% used [0x00000000ec100000,0x00000000ec303530,0x00000000ec380000)
  to   space 2048K, 0% used [0x00000000ec380000,0x00000000ec380000,0x00000000ec580000)
 ParOldGen       total 68608K, used 24165K [0x00000000c0000000, 0x00000000c4300000, 0x00000000eab00000)
  object space 68608K, 35% used [0x00000000c0000000,0x00000000c1799740,0x00000000c4300000)
 Metaspace       used 52252K, committed 53248K, reserved 1114112K
  class space    used 5481K, committed 5888K, reserved 1048576K
}
Event: 17.804 GC heap after
{Heap after GC invocations=22 (full 2):
 PSYoungGen      total 23552K, used 1079K [0x00000000eab00000, 0x00000000ec500000, 0x0000000100000000)
  eden space 22016K, 0% used [0x00000000eab00000,0x00000000eab00000,0x00000000ec080000)
  from space 1536K, 70% used [0x00000000ec380000,0x00000000ec48ddb8,0x00000000ec500000)
  to   space 1536K, 0% used [0x00000000ec200000,0x00000000ec200000,0x00000000ec380000)
 ParOldGen       total 68608K, used 26092K [0x00000000c0000000, 0x00000000c4300000, 0x00000000eab00000)
  object space 68608K, 38% used [0x00000000c0000000,0x00000000c197b0f0,0x00000000c4300000)
 Metaspace       used 52252K, committed 53248K, reserved 1114112K
  class space    used 5481K, committed 5888K, reserved 1048576K
}
Event: 21.350 GC heap before
{Heap before GC invocations=23 (full 2):
 PSYoungGen      total 23552K, used 23095K [0x00000000eab00000, 0x00000000ec500000, 0x0000000100000000)
  eden space 22016K, 99% used [0x00000000eab00000,0x00000000ec07fff8,0x00000000ec080000)
  from space 1536K, 70% used [0x00000000ec380000,0x00000000ec48ddb8,0x00000000ec500000)
  to   space 1536K, 0% used [0x00000000ec200000,0x00000000ec200000,0x00000000ec380000)
 ParOldGen       total 68608K, used 26092K [0x00000000c0000000, 0x00000000c4300000, 0x00000000eab00000)
  object space 68608K, 38% used [0x00000000c0000000,0x00000000c197b0f0,0x00000000c4300000)
 Metaspace       used 54773K, committed 55808K, reserved 1114112K
  class space    used 5811K, committed 6272K, reserved 1048576K
}
Event: 21.356 GC heap after
{Heap after GC invocations=23 (full 2):
 PSYoungGen      total 23552K, used 1422K [0x00000000eab00000, 0x00000000ec400000, 0x0000000100000000)
  eden space 22016K, 0% used [0x00000000eab00000,0x00000000eab00000,0x00000000ec080000)
  from space 1536K, 92% used [0x00000000ec200000,0x00000000ec3638c8,0x00000000ec380000)
  to   space 512K, 0% used [0x00000000ec380000,0x00000000ec380000,0x00000000ec400000)
 ParOldGen       total 68608K, used 27081K [0x00000000c0000000, 0x00000000c4300000, 0x00000000eab00000)
  object space 68608K, 39% used [0x00000000c0000000,0x00000000c1a72630,0x00000000c4300000)
 Metaspace       used 54773K, committed 55808K, reserved 1114112K
  class space    used 5811K, committed 6272K, reserved 1048576K
}
Event: 22.426 GC heap before
{Heap before GC invocations=24 (full 2):
 PSYoungGen      total 23552K, used 23419K [0x00000000eab00000, 0x00000000ec400000, 0x0000000100000000)
  eden space 22016K, 99% used [0x00000000eab00000,0x00000000ec07b5b0,0x00000000ec080000)
  from space 1536K, 92% used [0x00000000ec200000,0x00000000ec3638c8,0x00000000ec380000)
  to   space 512K, 0% used [0x00000000ec380000,0x00000000ec380000,0x00000000ec400000)
 ParOldGen       total 68608K, used 27081K [0x00000000c0000000, 0x00000000c4300000, 0x00000000eab00000)
  object space 68608K, 39% used [0x00000000c0000000,0x00000000c1a72630,0x00000000c4300000)
 Metaspace       used 56454K, committed 57536K, reserved 1114112K
  class space    used 6001K, committed 6464K, reserved 1048576K
}
Event: 22.431 GC heap after
{Heap after GC invocations=24 (full 2):
 PSYoungGen      total 22016K, used 491K [0x00000000eab00000, 0x00000000ec780000, 0x0000000100000000)
  eden space 21504K, 0% used [0x00000000eab00000,0x00000000eab00000,0x00000000ec000000)
  from space 512K, 96% used [0x00000000ec380000,0x00000000ec3fafe0,0x00000000ec400000)
  to   space 3584K, 0% used [0x00000000ec000000,0x00000000ec000000,0x00000000ec380000)
 ParOldGen       total 68608K, used 29465K [0x00000000c0000000, 0x00000000c4300000, 0x00000000eab00000)
  object space 68608K, 42% used [0x00000000c0000000,0x00000000c1cc64f0,0x00000000c4300000)
 Metaspace       used 56454K, committed 57536K, reserved 1114112K
  class space    used 6001K, committed 6464K, reserved 1048576K
}
Event: 24.060 GC heap before
{Heap before GC invocations=25 (full 2):
 PSYoungGen      total 22016K, used 21995K [0x00000000eab00000, 0x00000000ec780000, 0x0000000100000000)
  eden space 21504K, 100% used [0x00000000eab00000,0x00000000ec000000,0x00000000ec000000)
  from space 512K, 96% used [0x00000000ec380000,0x00000000ec3fafe0,0x00000000ec400000)
  to   space 3584K, 0% used [0x00000000ec000000,0x00000000ec000000,0x00000000ec380000)
 ParOldGen       total 68608K, used 29465K [0x00000000c0000000, 0x00000000c4300000, 0x00000000eab00000)
  object space 68608K, 42% used [0x00000000c0000000,0x00000000c1cc64f0,0x00000000c4300000)
 Metaspace       used 57305K, committed 58368K, reserved 1114112K
  class space    used 6074K, committed 6528K, reserved 1048576K
}
Event: 24.062 GC heap after
{Heap after GC invocations=25 (full 2):
 PSYoungGen      total 23552K, used 1833K [0x00000000eab00000, 0x00000000ec500000, 0x0000000100000000)
  eden space 21504K, 0% used [0x00000000eab00000,0x00000000eab00000,0x00000000ec000000)
  from space 2048K, 89% used [0x00000000ec000000,0x00000000ec1ca500,0x00000000ec200000)
  to   space 2560K, 0% used [0x00000000ec280000,0x00000000ec280000,0x00000000ec500000)
 ParOldGen       total 68608K, used 29970K [0x00000000c0000000, 0x00000000c4300000, 0x00000000eab00000)
  object space 68608K, 43% used [0x00000000c0000000,0x00000000c1d44a80,0x00000000c4300000)
 Metaspace       used 57305K, committed 58368K, reserved 1114112K
  class space    used 6074K, committed 6528K, reserved 1048576K
}
Event: 25.352 GC heap before
{Heap before GC invocations=26 (full 2):
 PSYoungGen      total 23552K, used 23323K [0x00000000eab00000, 0x00000000ec500000, 0x0000000100000000)
  eden space 21504K, 99% used [0x00000000eab00000,0x00000000ebffc910,0x00000000ec000000)
  from space 2048K, 89% used [0x00000000ec000000,0x00000000ec1ca500,0x00000000ec200000)
  to   space 2560K, 0% used [0x00000000ec280000,0x00000000ec280000,0x00000000ec500000)
 ParOldGen       total 68608K, used 29970K [0x00000000c0000000, 0x00000000c4300000, 0x00000000eab00000)
  object space 68608K, 43% used [0x00000000c0000000,0x00000000c1d44a80,0x00000000c4300000)
 Metaspace       used 58254K, committed 59392K, reserved 1114112K
  class space    used 6154K, committed 6656K, reserved 1048576K
}
Event: 25.359 GC heap after
{Heap after GC invocations=26 (full 2):
 PSYoungGen      total 23552K, used 1923K [0x00000000eab00000, 0x00000000ec480000, 0x0000000100000000)
  eden space 21504K, 0% used [0x00000000eab00000,0x00000000eab00000,0x00000000ec000000)
  from space 2048K, 93% used [0x00000000ec280000,0x00000000ec460c90,0x00000000ec480000)
  to   space 2048K, 0% used [0x00000000ec000000,0x00000000ec000000,0x00000000ec200000)
 ParOldGen       total 68608K, used 31678K [0x00000000c0000000, 0x00000000c4300000, 0x00000000eab00000)
  object space 68608K, 46% used [0x00000000c0000000,0x00000000c1eef890,0x00000000c4300000)
 Metaspace       used 58254K, committed 59392K, reserved 1114112K
  class space    used 6154K, committed 6656K, reserved 1048576K
}
Event: 25.668 GC heap before
{Heap before GC invocations=27 (full 2):
 PSYoungGen      total 23552K, used 23427K [0x00000000eab00000, 0x00000000ec480000, 0x0000000100000000)
  eden space 21504K, 100% used [0x00000000eab00000,0x00000000ec000000,0x00000000ec000000)
  from space 2048K, 93% used [0x00000000ec280000,0x00000000ec460c90,0x00000000ec480000)
  to   space 2048K, 0% used [0x00000000ec000000,0x00000000ec000000,0x00000000ec200000)
 ParOldGen       total 68608K, used 31678K [0x00000000c0000000, 0x00000000c4300000, 0x00000000eab00000)
  object space 68608K, 46% used [0x00000000c0000000,0x00000000c1eef890,0x00000000c4300000)
 Metaspace       used 58275K, committed 59456K, reserved 1114112K
  class space    used 6154K, committed 6656K, reserved 1048576K
}
Event: 25.672 GC heap after
{Heap after GC invocations=27 (full 2):
 PSYoungGen      total 23040K, used 1080K [0x00000000eab00000, 0x00000000ec300000, 0x0000000100000000)
  eden space 21504K, 0% used [0x00000000eab00000,0x00000000eab00000,0x00000000ec000000)
  from space 1536K, 70% used [0x00000000ec000000,0x00000000ec10e3e0,0x00000000ec180000)
  to   space 1536K, 0% used [0x00000000ec180000,0x00000000ec180000,0x00000000ec300000)
 ParOldGen       total 68608K, used 32806K [0x00000000c0000000, 0x00000000c4300000, 0x00000000eab00000)
  object space 68608K, 47% used [0x00000000c0000000,0x00000000c2009bc0,0x00000000c4300000)
 Metaspace       used 58275K, committed 59456K, reserved 1114112K
  class space    used 6154K, committed 6656K, reserved 1048576K
}
Event: 25.784 GC heap before
{Heap before GC invocations=28 (full 2):
 PSYoungGen      total 23040K, used 6777K [0x00000000eab00000, 0x00000000ec300000, 0x0000000100000000)
  eden space 21504K, 26% used [0x00000000eab00000,0x00000000eb0900d0,0x00000000ec000000)
  from space 1536K, 70% used [0x00000000ec000000,0x00000000ec10e3e0,0x00000000ec180000)
  to   space 1536K, 0% used [0x00000000ec180000,0x00000000ec180000,0x00000000ec300000)
 ParOldGen       total 68608K, used 32806K [0x00000000c0000000, 0x00000000c4300000, 0x00000000eab00000)
  object space 68608K, 47% used [0x00000000c0000000,0x00000000c2009bc0,0x00000000c4300000)
 Metaspace       used 58694K, committed 59776K, reserved 1114112K
  class space    used 6189K, committed 6656K, reserved 1048576K
}
Event: 25.785 GC heap after
{Heap after GC invocations=28 (full 2):
 PSYoungGen      total 22016K, used 224K [0x00000000eab00000, 0x00000000ec200000, 0x0000000100000000)
  eden space 21504K, 0% used [0x00000000eab00000,0x00000000eab00000,0x00000000ec000000)
  from space 512K, 43% used [0x00000000ec180000,0x00000000ec1b8000,0x00000000ec200000)
  to   space 1024K, 0% used [0x00000000ec000000,0x00000000ec000000,0x00000000ec100000)
 ParOldGen       total 68608K, used 32983K [0x00000000c0000000, 0x00000000c4300000, 0x00000000eab00000)
  object space 68608K, 48% used [0x00000000c0000000,0x00000000c2035e58,0x00000000c4300000)
 Metaspace       used 58694K, committed 59776K, reserved 1114112K
  class space    used 6189K, committed 6656K, reserved 1048576K
}
Event: 25.785 GC heap before
{Heap before GC invocations=29 (full 3):
 PSYoungGen      total 22016K, used 224K [0x00000000eab00000, 0x00000000ec200000, 0x0000000100000000)
  eden space 21504K, 0% used [0x00000000eab00000,0x00000000eab00000,0x00000000ec000000)
  from space 512K, 43% used [0x00000000ec180000,0x00000000ec1b8000,0x00000000ec200000)
  to   space 1024K, 0% used [0x00000000ec000000,0x00000000ec000000,0x00000000ec100000)
 ParOldGen       total 68608K, used 32983K [0x00000000c0000000, 0x00000000c4300000, 0x00000000eab00000)
  object space 68608K, 48% used [0x00000000c0000000,0x00000000c2035e58,0x00000000c4300000)
 Metaspace       used 58694K, committed 59776K, reserved 1114112K
  class space    used 6189K, committed 6656K, reserved 1048576K
}
Event: 25.901 GC heap after
{Heap after GC invocations=29 (full 3):
 PSYoungGen      total 22016K, used 0K [0x00000000eab00000, 0x00000000ec200000, 0x0000000100000000)
  eden space 21504K, 0% used [0x00000000eab00000,0x00000000eab00000,0x00000000ec000000)
  from space 512K, 0% used [0x00000000ec180000,0x00000000ec180000,0x00000000ec200000)
  to   space 1024K, 0% used [0x00000000ec000000,0x00000000ec000000,0x00000000ec100000)
 ParOldGen       total 68608K, used 29857K [0x00000000c0000000, 0x00000000c4300000, 0x00000000eab00000)
  object space 68608K, 43% used [0x00000000c0000000,0x00000000c1d28480,0x00000000c4300000)
 Metaspace       used 58694K, committed 59776K, reserved 1114112K
  class space    used 6189K, committed 6656K, reserved 1048576K
}

Dll operation events (10 events):
Event: 0.013 Loaded shared library c:\Users\DCL\.vscode\extensions\redhat.java-1.38.0-win32-x64\jre\17.0.13-win32-x86_64\bin\java.dll
Event: 0.575 Loaded shared library c:\Users\DCL\.vscode\extensions\redhat.java-1.38.0-win32-x64\jre\17.0.13-win32-x86_64\bin\zip.dll
Event: 0.579 Loaded shared library C:\Users\DCL\.vscode\extensions\redhat.java-1.38.0-win32-x64\jre\17.0.13-win32-x86_64\bin\instrument.dll
Event: 0.651 Loaded shared library C:\Users\DCL\.vscode\extensions\redhat.java-1.38.0-win32-x64\jre\17.0.13-win32-x86_64\bin\net.dll
Event: 0.656 Loaded shared library C:\Users\DCL\.vscode\extensions\redhat.java-1.38.0-win32-x64\jre\17.0.13-win32-x86_64\bin\nio.dll
Event: 0.716 Loaded shared library C:\Users\DCL\.vscode\extensions\redhat.java-1.38.0-win32-x64\jre\17.0.13-win32-x86_64\bin\zip.dll
Event: 0.784 Loaded shared library C:\Users\DCL\.vscode\extensions\redhat.java-1.38.0-win32-x64\jre\17.0.13-win32-x86_64\bin\jimage.dll
Event: 0.955 Loaded shared library c:\Users\DCL\.vscode\extensions\redhat.java-1.38.0-win32-x64\jre\17.0.13-win32-x86_64\bin\verify.dll
Event: 3.820 Loaded shared library C:\Users\DCL\AppData\Roaming\Code\User\globalStorage\redhat.java\1.38.0\config_win\org.eclipse.equinox.launcher\org.eclipse.equinox.launcher.win32.win32.x86_64_1.2.1100.v20240722-2106\eclipse_11904.dll
Event: 7.620 Loaded shared library C:\Users\DCL\AppData\Local\Temp\jna-67501\jna15811473380960229138.dll

Deoptimization events (20 events):
Event: 26.215 Thread 0x000001bdcede8e80 DEOPT PACKING pc=0x000001bdbd0fd924 sp=0x0000003aa40fd6a0
Event: 26.215 Thread 0x000001bdcede8e80 DEOPT UNPACKING pc=0x000001bdbc9166a3 sp=0x0000003aa40fd500 mode 2
Event: 26.215 Thread 0x000001bdcede8e80 Uncommon trap: trap_request=0xffffff45 fr.pc=0x000001bdbd10243c relative=0x000000000000027c
Event: 26.215 Thread 0x000001bdcede8e80 Uncommon trap: reason=unstable_if action=reinterpret pc=0x000001bdbd10243c method=jdk.internal.jrtfs.JrtFileSystem.checkNode(Ljdk/internal/jrtfs/JrtPath;)Ljdk/internal/jimage/ImageReader$Node; @ 16 c2
Event: 26.215 Thread 0x000001bdcede8e80 DEOPT PACKING pc=0x000001bdbd10243c sp=0x0000003aa40fd790
Event: 26.215 Thread 0x000001bdcede8e80 DEOPT UNPACKING pc=0x000001bdbc9166a3 sp=0x0000003aa40fd720 mode 2
Event: 26.215 Thread 0x000001bdcede8e80 Uncommon trap: trap_request=0xffffff45 fr.pc=0x000001bdbd10d368 relative=0x0000000000003188
Event: 26.215 Thread 0x000001bdcede8e80 Uncommon trap: reason=unstable_if action=reinterpret pc=0x000001bdbd10d368 method=jdk.internal.jimage.ImageReader$SharedImageReader.buildNode(Ljava/lang/String;)Ljdk/internal/jimage/ImageReader$Node; @ 47 c2
Event: 26.215 Thread 0x000001bdcede8e80 DEOPT PACKING pc=0x000001bdbd10d368 sp=0x0000003aa40fd620
Event: 26.215 Thread 0x000001bdcede8e80 DEOPT UNPACKING pc=0x000001bdbc9166a3 sp=0x0000003aa40fd4f0 mode 2
Event: 26.279 Thread 0x000001bdcc7e28d0 DEOPT PACKING pc=0x000001bdb60bec75 sp=0x0000003aa32fe8b0
Event: 26.280 Thread 0x000001bdcc7e28d0 DEOPT UNPACKING pc=0x000001bdbc916e43 sp=0x0000003aa32fde38 mode 0
Event: 26.291 Thread 0x000001bdcede8e80 Uncommon trap: trap_request=0xffffff45 fr.pc=0x000001bdbd12ab84 relative=0x0000000000001284
Event: 26.291 Thread 0x000001bdcede8e80 Uncommon trap: reason=unstable_if action=reinterpret pc=0x000001bdbd12ab84 method=jdk.internal.jimage.ImageReader$SharedImageReader.lambda$handleModulesSubTree$1(Ljdk/internal/jimage/ImageReader$Directory;Ljdk/internal/jimage/ImageLocation;)V @ 47 c2
Event: 26.291 Thread 0x000001bdcede8e80 DEOPT PACKING pc=0x000001bdbd12ab84 sp=0x0000003aa40fc9e0
Event: 26.291 Thread 0x000001bdcede8e80 DEOPT UNPACKING pc=0x000001bdbc9166a3 sp=0x0000003aa40fc9f0 mode 2
Event: 26.342 Thread 0x000001bdcc7e28d0 DEOPT PACKING pc=0x000001bdb60bec75 sp=0x0000003aa32fe7f0
Event: 26.342 Thread 0x000001bdcc7e28d0 DEOPT UNPACKING pc=0x000001bdbc916e43 sp=0x0000003aa32fdd78 mode 0
Event: 26.377 Thread 0x000001bdcede8e80 DEOPT PACKING pc=0x000001bdb60bec75 sp=0x0000003aa40fd1a0
Event: 26.377 Thread 0x000001bdcede8e80 DEOPT UNPACKING pc=0x000001bdbc916e43 sp=0x0000003aa40fc728 mode 0

Classes loaded (20 events):
Event: 21.605 Loading class java/util/stream/MatchOps
Event: 21.605 Loading class java/util/stream/MatchOps done
Event: 21.605 Loading class java/util/stream/MatchOps$MatchOp
Event: 21.605 Loading class java/util/stream/MatchOps$MatchOp done
Event: 21.605 Loading class java/util/stream/MatchOps$BooleanTerminalSink
Event: 21.606 Loading class java/util/stream/MatchOps$BooleanTerminalSink done
Event: 21.606 Loading class java/util/stream/MatchOps$1MatchSink
Event: 21.606 Loading class java/util/stream/MatchOps$1MatchSink done
Event: 22.504 Loading class java/util/Vector$1
Event: 22.504 Loading class java/util/Vector$1 done
Event: 24.186 Loading class java/util/regex/Pattern$Caret
Event: 24.187 Loading class java/util/regex/Pattern$Caret done
Event: 26.218 Loading class java/util/stream/ReduceOps$4
Event: 26.218 Loading class java/util/stream/ReduceOps$4 done
Event: 26.227 Loading class java/util/stream/ReduceOps$4ReducingSink
Event: 26.227 Loading class java/util/stream/ReduceOps$4ReducingSink done
Event: 26.231 Loading class java/nio/file/Files$2
Event: 26.231 Loading class java/nio/file/Files$2 done
Event: 26.503 Loading class java/util/concurrent/ArrayBlockingQueue
Event: 26.504 Loading class java/util/concurrent/ArrayBlockingQueue done

Classes unloaded (7 events):
Event: 11.088 Thread 0x000001bdc652ae20 Unloading class 0x0000000100258000 'java/lang/invoke/LambdaForm$MH+0x0000000100258000'
Event: 11.088 Thread 0x000001bdc652ae20 Unloading class 0x0000000100257c00 'java/lang/invoke/LambdaForm$MH+0x0000000100257c00'
Event: 11.088 Thread 0x000001bdc652ae20 Unloading class 0x0000000100257800 'java/lang/invoke/LambdaForm$MH+0x0000000100257800'
Event: 11.088 Thread 0x000001bdc652ae20 Unloading class 0x0000000100257400 'java/lang/invoke/LambdaForm$MH+0x0000000100257400'
Event: 11.089 Thread 0x000001bdc652ae20 Unloading class 0x0000000100257000 'java/lang/invoke/LambdaForm$BMH+0x0000000100257000'
Event: 11.089 Thread 0x000001bdc652ae20 Unloading class 0x0000000100256c00 'java/lang/invoke/LambdaForm$DMH+0x0000000100256c00'
Event: 11.089 Thread 0x000001bdc652ae20 Unloading class 0x0000000100254400 'java/lang/invoke/LambdaForm$DMH+0x0000000100254400'

Classes redefined (0 events):
No events

Internal exceptions (20 events):
Event: 17.951 Thread 0x000001bdcede8e80 Exception <a 'sun/nio/fs/WindowsException'{0x00000000eaf7e680}> (0x00000000eaf7e680) 
thrown [s\src\hotspot\share\prims\jni.cpp, line 516]
Event: 17.956 Thread 0x000001bdcede8e80 Exception <a 'sun/nio/fs/WindowsException'{0x00000000eafcf998}> (0x00000000eafcf998) 
thrown [s\src\hotspot\share\prims\jni.cpp, line 516]
Event: 18.391 Thread 0x000001bdcede8e80 Exception <a 'sun/nio/fs/WindowsException'{0x00000000eb2dd4e8}> (0x00000000eb2dd4e8) 
thrown [s\src\hotspot\share\prims\jni.cpp, line 516]
Event: 18.528 Thread 0x000001bdcede8e80 Exception <a 'sun/nio/fs/WindowsException'{0x00000000eb2ee290}> (0x00000000eb2ee290) 
thrown [s\src\hotspot\share\prims\jni.cpp, line 516]
Event: 18.550 Thread 0x000001bdcede8e80 Exception <a 'sun/nio/fs/WindowsException'{0x00000000eb3559a0}> (0x00000000eb3559a0) 
thrown [s\src\hotspot\share\prims\jni.cpp, line 516]
Event: 18.565 Thread 0x000001bdcede8e80 Exception <a 'sun/nio/fs/WindowsException'{0x00000000eb38e608}> (0x00000000eb38e608) 
thrown [s\src\hotspot\share\prims\jni.cpp, line 516]
Event: 21.067 Thread 0x000001bdcede8e80 Exception <a 'sun/nio/fs/WindowsException'{0x00000000eb39f260}> (0x00000000eb39f260) 
thrown [s\src\hotspot\share\prims\jni.cpp, line 516]
Event: 21.155 Thread 0x000001bdcc7e23c0 Exception <a 'java/lang/NoClassDefFoundError'{0x00000000ebc91930}: com/google/inject/servlet/ServletModuleTargetVisitor> (0x00000000ebc91930) 
thrown [s\src\hotspot\share\classfile\systemDictionary.cpp, line 245]
Event: 21.325 Thread 0x000001bdcede8e80 Exception <a 'sun/nio/fs/WindowsException'{0x00000000ebefbf60}> (0x00000000ebefbf60) 
thrown [s\src\hotspot\share\prims\jni.cpp, line 516]
Event: 21.511 Thread 0x000001bdcede8e80 Exception <a 'sun/nio/fs/WindowsException'{0x00000000eac454b0}> (0x00000000eac454b0) 
thrown [s\src\hotspot\share\prims\jni.cpp, line 516]
Event: 21.650 Thread 0x000001bdcede8e80 Exception <a 'sun/nio/fs/WindowsException'{0x00000000eb141780}> (0x00000000eb141780) 
thrown [s\src\hotspot\share\prims\jni.cpp, line 516]
Event: 21.740 Thread 0x000001bdcede8e80 Exception <a 'sun/nio/fs/WindowsException'{0x00000000eb157d58}> (0x00000000eb157d58) 
thrown [s\src\hotspot\share\prims\jni.cpp, line 516]
Event: 21.774 Thread 0x000001bdcede8e80 Exception <a 'sun/nio/fs/WindowsException'{0x00000000eb1694f0}> (0x00000000eb1694f0) 
thrown [s\src\hotspot\share\prims\jni.cpp, line 516]
Event: 21.796 Thread 0x000001bdcede8e80 Exception <a 'sun/nio/fs/WindowsException'{0x00000000eb17a988}> (0x00000000eb17a988) 
thrown [s\src\hotspot\share\prims\jni.cpp, line 516]
Event: 21.821 Thread 0x000001bdcede8e80 Exception <a 'sun/nio/fs/WindowsException'{0x00000000eb190660}> (0x00000000eb190660) 
thrown [s\src\hotspot\share\prims\jni.cpp, line 516]
Event: 21.827 Thread 0x000001bdcede8e80 Exception <a 'sun/nio/fs/WindowsException'{0x00000000eb1a1ab8}> (0x00000000eb1a1ab8) 
thrown [s\src\hotspot\share\prims\jni.cpp, line 516]
Event: 21.843 Thread 0x000001bdcede8e80 Exception <a 'sun/nio/fs/WindowsException'{0x00000000eb1b2d90}> (0x00000000eb1b2d90) 
thrown [s\src\hotspot\share\prims\jni.cpp, line 516]
Event: 21.863 Thread 0x000001bdcede8e80 Exception <a 'sun/nio/fs/WindowsException'{0x00000000eb1c3d20}> (0x00000000eb1c3d20) 
thrown [s\src\hotspot\share\prims\jni.cpp, line 516]
Event: 21.940 Thread 0x000001bdcede8e80 Exception <a 'sun/nio/fs/WindowsException'{0x00000000eb1e5220}> (0x00000000eb1e5220) 
thrown [s\src\hotspot\share\prims\jni.cpp, line 516]
Event: 26.235 Thread 0x000001bdcede8e80 Exception <a 'java/lang/NoSuchMethodError'{0x00000000eb203318}: 'int java.lang.invoke.DirectMethodHandle$Holder.invokeSpecialIFC(java.lang.Object, java.lang.Object, java.lang.Object)'> (0x00000000eb203318) 
thrown [s\src\hotspot\share\interpreter\linkResolver.cpp, line 759]

VM Operations (20 events):
Event: 24.056 Executing VM operation: ParallelGCFailedAllocation
Event: 24.062 Executing VM operation: ParallelGCFailedAllocation done
Event: 25.063 Executing VM operation: Cleanup
Event: 25.335 Executing VM operation: Cleanup done
Event: 25.348 Executing VM operation: ParallelGCFailedAllocation
Event: 25.359 Executing VM operation: ParallelGCFailedAllocation done
Event: 25.659 Executing VM operation: ParallelGCFailedAllocation
Event: 25.672 Executing VM operation: ParallelGCFailedAllocation done
Event: 25.784 Executing VM operation: CollectForMetadataAllocation
Event: 25.901 Executing VM operation: CollectForMetadataAllocation done
Event: 25.965 Executing VM operation: HandshakeAllThreads
Event: 25.969 Executing VM operation: HandshakeAllThreads done
Event: 26.215 Executing VM operation: HandshakeAllThreads
Event: 26.219 Executing VM operation: HandshakeAllThreads done
Event: 26.222 Executing VM operation: HandshakeAllThreads
Event: 26.227 Executing VM operation: HandshakeAllThreads done
Event: 26.641 Executing VM operation: HandshakeAllThreads
Event: 27.006 Executing VM operation: HandshakeAllThreads done
Event: 27.006 Executing VM operation: Cleanup
Event: 27.006 Executing VM operation: Cleanup done

Memory protections (0 events):
No events

Nmethod flushes (20 events):
Event: 15.928 Thread 0x000001bdc658eae0 flushing  nmethod 0x000001bdb5d24c90
Event: 15.928 Thread 0x000001bdc658eae0 flushing  nmethod 0x000001bdb5d38290
Event: 15.928 Thread 0x000001bdc658eae0 flushing  nmethod 0x000001bdb5d51390
Event: 15.928 Thread 0x000001bdc658eae0 flushing  nmethod 0x000001bdb5d52d90
Event: 15.928 Thread 0x000001bdc658eae0 flushing  nmethod 0x000001bdb5d53590
Event: 15.929 Thread 0x000001bdc658eae0 flushing  nmethod 0x000001bdb5d54310
Event: 15.929 Thread 0x000001bdc658eae0 flushing  nmethod 0x000001bdb5d57210
Event: 15.929 Thread 0x000001bdc658eae0 flushing  nmethod 0x000001bdb5d89610
Event: 15.929 Thread 0x000001bdc658eae0 flushing  nmethod 0x000001bdb5d8b090
Event: 15.929 Thread 0x000001bdc658eae0 flushing  nmethod 0x000001bdb5d8cf90
Event: 15.929 Thread 0x000001bdc658eae0 flushing  nmethod 0x000001bdb5d92110
Event: 15.929 Thread 0x000001bdc658eae0 flushing  nmethod 0x000001bdb5dd3190
Event: 26.229 Thread 0x000001bdc658eae0 flushing  nmethod 0x000001bdb5c46010
Event: 26.230 Thread 0x000001bdc658eae0 flushing  nmethod 0x000001bdb5c7ac10
Event: 26.230 Thread 0x000001bdc658eae0 flushing  nmethod 0x000001bdb5c7e910
Event: 26.230 Thread 0x000001bdc658eae0 flushing  nmethod 0x000001bdb5cd9f10
Event: 26.230 Thread 0x000001bdc658eae0 flushing  nmethod 0x000001bdb5ce6190
Event: 26.230 Thread 0x000001bdc658eae0 flushing  nmethod 0x000001bdb5cedf10
Event: 26.230 Thread 0x000001bdc658eae0 flushing  nmethod 0x000001bdb5cf6e90
Event: 26.230 Thread 0x000001bdc658eae0 flushing  nmethod 0x000001bdb5d58e10

Events (20 events):
Event: 14.314 Thread 0x000001bdb27031e0 Thread added: 0x000001bdcede7530
Event: 14.388 Thread 0x000001bdb27031e0 Thread added: 0x000001bdcede3d80
Event: 14.455 Thread 0x000001bdcc7e32f0 Thread exited: 0x000001bdcc7e32f0
Event: 15.599 Thread 0x000001bdb27031e0 Thread added: 0x000001bdcede7f50
Event: 15.599 Thread 0x000001bdb27031e0 Thread added: 0x000001bdcede8970
Event: 16.113 Thread 0x000001bdcc7e3d10 Thread added: 0x000001bdcede8e80
Event: 16.747 Thread 0x000001bdcc7e4730 Thread added: 0x000001bdcede51c0
Event: 17.663 Thread 0x000001bdce0b58b0 Thread exited: 0x000001bdce0b58b0
Event: 17.892 Thread 0x000001bdcede8e80 Thread added: 0x000001bdcede56d0
Event: 17.923 Thread 0x000001bdcede56d0 Thread added: 0x000001bdcede3360
Event: 17.934 Thread 0x000001bdcede3360 Thread added: 0x000001bdcede4290
Event: 21.049 Thread 0x000001bdcb7c94a0 Thread added: 0x000001bdcc26a590
Event: 21.973 Thread 0x000001bdcede8e80 Thread added: 0x000001bdcede1a10
Event: 21.973 Thread 0x000001bdcede8e80 Thread added: 0x000001bdcede3870
Event: 23.366 Thread 0x000001bdcc26a590 Thread exited: 0x000001bdcc26a590
Event: 24.362 Thread 0x000001bdc65740b0 Thread added: 0x000001bdd864a2c0
Event: 24.709 Thread 0x000001bdd864a2c0 Thread exited: 0x000001bdd864a2c0
Event: 24.937 Thread 0x000001bdcb7c94a0 Thread added: 0x000001bdd864a2c0
Event: 26.505 Thread 0x000001bdcede8e80 Thread added: 0x000001bdcede4cb0
Event: 26.524 Thread 0x000001bdd864a2c0 Thread exited: 0x000001bdd864a2c0


Dynamic libraries:
0x00007ff7bf7d0000 - 0x00007ff7bf7de000 	c:\Users\DCL\.vscode\extensions\redhat.java-1.38.0-win32-x64\jre\17.0.13-win32-x86_64\bin\java.exe
0x00007ffb0b810000 - 0x00007ffb0ba08000 	C:\Windows\SYSTEM32\ntdll.dll
0x00007ffb09a80000 - 0x00007ffb09b42000 	C:\Windows\System32\KERNEL32.DLL
0x00007ffb09010000 - 0x00007ffb0930e000 	C:\Windows\System32\KERNELBASE.dll
0x00007ffb05800000 - 0x00007ffb05894000 	C:\Windows\SYSTEM32\apphelp.dll
0x00007ffb09430000 - 0x00007ffb09530000 	C:\Windows\System32\ucrtbase.dll
0x00007ffb035b0000 - 0x00007ffb035c7000 	c:\Users\DCL\.vscode\extensions\redhat.java-1.38.0-win32-x64\jre\17.0.13-win32-x86_64\bin\jli.dll
0x00007ffb0a280000 - 0x00007ffb0a41d000 	C:\Windows\System32\USER32.dll
0x00007ffb09750000 - 0x00007ffb09772000 	C:\Windows\System32\win32u.dll
0x00007ffb0b7a0000 - 0x00007ffb0b7cb000 	C:\Windows\System32\GDI32.dll
0x00007ffb09310000 - 0x00007ffb09427000 	C:\Windows\System32\gdi32full.dll
0x00007ffb09530000 - 0x00007ffb095cd000 	C:\Windows\System32\msvcp_win.dll
0x00007ffb02060000 - 0x00007ffb0207e000 	c:\Users\DCL\.vscode\extensions\redhat.java-1.38.0-win32-x64\jre\17.0.13-win32-x86_64\bin\VCRUNTIME140.dll
0x00007ffaf2450000 - 0x00007ffaf26ea000 	C:\Windows\WinSxS\amd64_microsoft.windows.common-controls_6595b64144ccf1df_6.0.19041.4355_none_60b8b9eb71f62e16\COMCTL32.dll
0x00007ffb0ac30000 - 0x00007ffb0acce000 	C:\Windows\System32\msvcrt.dll
0x00007ffb0a1f0000 - 0x00007ffb0a21f000 	C:\Windows\System32\IMM32.DLL
0x00007ffb02700000 - 0x00007ffb0270c000 	c:\Users\DCL\.vscode\extensions\redhat.java-1.38.0-win32-x64\jre\17.0.13-win32-x86_64\bin\vcruntime140_1.dll
0x00007ffabb300000 - 0x00007ffabb38d000 	c:\Users\DCL\.vscode\extensions\redhat.java-1.38.0-win32-x64\jre\17.0.13-win32-x86_64\bin\msvcp140.dll
0x00007ffab4170000 - 0x00007ffab4ddb000 	c:\Users\DCL\.vscode\extensions\redhat.java-1.38.0-win32-x64\jre\17.0.13-win32-x86_64\bin\server\jvm.dll
0x00007ffb0b5e0000 - 0x00007ffb0b692000 	C:\Windows\System32\ADVAPI32.dll
0x00007ffb09830000 - 0x00007ffb098d0000 	C:\Windows\System32\sechost.dll
0x00007ffb0a480000 - 0x00007ffb0a5a3000 	C:\Windows\System32\RPCRT4.dll
0x00007ffb096b0000 - 0x00007ffb096d7000 	C:\Windows\System32\bcrypt.dll
0x00007ffb0b6a0000 - 0x00007ffb0b70b000 	C:\Windows\System32\WS2_32.dll
0x00007ffb08bf0000 - 0x00007ffb08c3b000 	C:\Windows\SYSTEM32\POWRPROF.dll
0x00007ffae6930000 - 0x00007ffae6957000 	C:\Windows\SYSTEM32\WINMM.dll
0x00007ffb02530000 - 0x00007ffb0253a000 	C:\Windows\SYSTEM32\VERSION.dll
0x00007ffb08bd0000 - 0x00007ffb08be2000 	C:\Windows\SYSTEM32\UMPDC.dll
0x00007ffb06cf0000 - 0x00007ffb06d02000 	C:\Windows\SYSTEM32\kernel.appcore.dll
0x00007ffb01f50000 - 0x00007ffb01f5a000 	c:\Users\DCL\.vscode\extensions\redhat.java-1.38.0-win32-x64\jre\17.0.13-win32-x86_64\bin\jimage.dll
0x00007ffaf04f0000 - 0x00007ffaf06d4000 	C:\Windows\SYSTEM32\DBGHELP.DLL
0x00007ffaf0160000 - 0x00007ffaf0194000 	C:\Windows\SYSTEM32\dbgcore.DLL
0x00007ffb095d0000 - 0x00007ffb09652000 	C:\Windows\System32\bcryptPrimitives.dll
0x00007ffb01f40000 - 0x00007ffb01f4e000 	c:\Users\DCL\.vscode\extensions\redhat.java-1.38.0-win32-x64\jre\17.0.13-win32-x86_64\bin\instrument.dll
0x00007ffae8030000 - 0x00007ffae8055000 	c:\Users\DCL\.vscode\extensions\redhat.java-1.38.0-win32-x64\jre\17.0.13-win32-x86_64\bin\java.dll
0x00007ffb00d60000 - 0x00007ffb00d78000 	c:\Users\DCL\.vscode\extensions\redhat.java-1.38.0-win32-x64\jre\17.0.13-win32-x86_64\bin\zip.dll
0x00007ffb0ad80000 - 0x00007ffb0b4ef000 	C:\Windows\System32\SHELL32.dll
0x00007ffb06ef0000 - 0x00007ffb07694000 	C:\Windows\SYSTEM32\windows.storage.dll
0x00007ffb09b50000 - 0x00007ffb09ea3000 	C:\Windows\System32\combase.dll
0x00007ffb08730000 - 0x00007ffb0875e000 	C:\Windows\SYSTEM32\Wldp.dll
0x00007ffb0b500000 - 0x00007ffb0b5cd000 	C:\Windows\System32\OLEAUT32.dll
0x00007ffb0acd0000 - 0x00007ffb0ad7d000 	C:\Windows\System32\SHCORE.dll
0x00007ffb09a20000 - 0x00007ffb09a75000 	C:\Windows\System32\shlwapi.dll
0x00007ffb08de0000 - 0x00007ffb08e04000 	C:\Windows\SYSTEM32\profapi.dll
0x00007ffb00c60000 - 0x00007ffb00c79000 	C:\Users\DCL\.vscode\extensions\redhat.java-1.38.0-win32-x64\jre\17.0.13-win32-x86_64\bin\net.dll
0x00007ffafead0000 - 0x00007ffafebdd000 	C:\Windows\SYSTEM32\WINHTTP.dll
0x00007ffb08510000 - 0x00007ffb0857a000 	C:\Windows\system32\mswsock.dll
0x00007ffafcc30000 - 0x00007ffafcc46000 	C:\Users\DCL\.vscode\extensions\redhat.java-1.38.0-win32-x64\jre\17.0.13-win32-x86_64\bin\nio.dll
0x00007ffb00cb0000 - 0x00007ffb00cc0000 	c:\Users\DCL\.vscode\extensions\redhat.java-1.38.0-win32-x64\jre\17.0.13-win32-x86_64\bin\verify.dll
0x00007ffabb2b0000 - 0x00007ffabb2f5000 	C:\Users\DCL\AppData\Roaming\Code\User\globalStorage\redhat.java\1.38.0\config_win\org.eclipse.equinox.launcher\org.eclipse.equinox.launcher.win32.win32.x86_64_1.2.1100.v20240722-2106\eclipse_11904.dll
0x00007ffb098f0000 - 0x00007ffb09a1b000 	C:\Windows\System32\ole32.dll
0x00007ffb08770000 - 0x00007ffb08788000 	C:\Windows\SYSTEM32\CRYPTSP.dll
0x00007ffb07e50000 - 0x00007ffb07e84000 	C:\Windows\system32\rsaenh.dll
0x00007ffb08da0000 - 0x00007ffb08dce000 	C:\Windows\SYSTEM32\USERENV.dll
0x00007ffb086a0000 - 0x00007ffb086ac000 	C:\Windows\SYSTEM32\CRYPTBASE.dll
0x00007ffb08210000 - 0x00007ffb0824b000 	C:\Windows\SYSTEM32\IPHLPAPI.DLL
0x00007ffb0b4f0000 - 0x00007ffb0b4f8000 	C:\Windows\System32\NSI.dll
0x00007ffaffa40000 - 0x00007ffaffa57000 	C:\Windows\SYSTEM32\dhcpcsvc6.DLL
0x00007ffaff880000 - 0x00007ffaff89d000 	C:\Windows\SYSTEM32\dhcpcsvc.DLL
0x00007ffb08250000 - 0x00007ffb0831a000 	C:\Windows\SYSTEM32\DNSAPI.dll
0x00007ffaba970000 - 0x00007ffaba9b9000 	C:\Users\DCL\AppData\Local\Temp\jna-67501\jna15811473380960229138.dll
0x00007ffb0b5d0000 - 0x00007ffb0b5d8000 	C:\Windows\System32\PSAPI.DLL

dbghelp: loaded successfully - version: 4.0.5 - missing functions: none
symbol engine: initialized successfully - sym options: 0x614 - pdb path: .;c:\Users\DCL\.vscode\extensions\redhat.java-1.38.0-win32-x64\jre\17.0.13-win32-x86_64\bin;C:\Windows\SYSTEM32;C:\Windows\WinSxS\amd64_microsoft.windows.common-controls_6595b64144ccf1df_6.0.19041.4355_none_60b8b9eb71f62e16;c:\Users\DCL\.vscode\extensions\redhat.java-1.38.0-win32-x64\jre\17.0.13-win32-x86_64\bin\server;C:\Users\DCL\AppData\Roaming\Code\User\globalStorage\redhat.java\1.38.0\config_win\org.eclipse.equinox.launcher\org.eclipse.equinox.launcher.win32.win32.x86_64_1.2.1100.v20240722-2106;C:\Users\DCL\AppData\Local\Temp\jna-67501

VM Arguments:
jvm_args: --add-modules=ALL-SYSTEM --add-opens=java.base/java.util=ALL-UNNAMED --add-opens=java.base/java.lang=ALL-UNNAMED --add-opens=java.base/sun.nio.fs=ALL-UNNAMED -Declipse.application=org.eclipse.jdt.ls.core.id1 -Dosgi.bundles.defaultStartLevel=4 -Declipse.product=org.eclipse.jdt.ls.core.product -Djava.import.generatesMetadataFilesAtProjectRoot=false -DDetectVMInstallationsJob.disabled=true -Dfile.encoding=utf8 -XX:+UseParallelGC -XX:GCTimeRatio=4 -XX:AdaptiveSizePolicyWeight=90 -Dsun.zip.disableMemoryMapping=true -Xmx1G -Xms100m -Xlog:disable -javaagent:c:\Users\DCL\.vscode\extensions\redhat.java-1.38.0-win32-x64\lombok\lombok-1.18.34.jar -XX:+HeapDumpOnOutOfMemoryError -XX:HeapDumpPath=c:\Users\DCL\AppData\Roaming\Code\User\workspaceStorage\f86e536196e5d44eb20c57bb79020ba0\redhat.java -Daether.dependencyCollector.impl=bf 
java_command: c:\Users\DCL\.vscode\extensions\redhat.java-1.38.0-win32-x64\server\plugins\org.eclipse.equinox.launcher_1.6.900.v20240613-2009.jar -configuration c:\Users\DCL\AppData\Roaming\Code\User\globalStorage\redhat.java\1.38.0\config_win -data c:\Users\DCL\AppData\Roaming\Code\User\workspaceStorage\f86e536196e5d44eb20c57bb79020ba0\redhat.java\jdt_ws --pipe=\\.\pipe\lsp-3879678dbff42b07424a29c168870e83-sock
java_class_path (initial): c:\Users\DCL\.vscode\extensions\redhat.java-1.38.0-win32-x64\server\plugins\org.eclipse.equinox.launcher_1.6.900.v20240613-2009.jar
Launcher Type: SUN_STANDARD

[Global flags]
    uintx AdaptiveSizePolicyWeight                 = 90                                        {product} {command line}
     intx CICompilerCount                          = 3                                         {product} {ergonomic}
    uintx GCTimeRatio                              = 4                                         {product} {command line}
     bool HeapDumpOnOutOfMemoryError               = true                                   {manageable} {command line}
    ccstr HeapDumpPath                             = c:\Users\DCL\AppData\Roaming\Code\User\workspaceStorage\f86e536196e5d44eb20c57bb79020ba0\redhat.java         {manageable} {command line}
   size_t InitialHeapSize                          = 104857600                                 {product} {command line}
   size_t MaxHeapSize                              = 1073741824                                {product} {command line}
   size_t MaxNewSize                               = 357564416                                 {product} {ergonomic}
   size_t MinHeapDeltaBytes                        = 524288                                    {product} {ergonomic}
   size_t MinHeapSize                              = 104857600                                 {product} {command line}
   size_t NewSize                                  = 34603008                                  {product} {ergonomic}
    uintx NonNMethodCodeHeapSize                   = 5832780                                {pd product} {ergonomic}
    uintx NonProfiledCodeHeapSize                  = 122912730                              {pd product} {ergonomic}
   size_t OldSize                                  = 70254592                                  {product} {ergonomic}
    uintx ProfiledCodeHeapSize                     = 122912730                              {pd product} {ergonomic}
    uintx ReservedCodeCacheSize                    = 251658240                              {pd product} {ergonomic}
     bool SegmentedCodeCache                       = true                                      {product} {ergonomic}
   size_t SoftMaxHeapSize                          = 1073741824                             {manageable} {ergonomic}
     bool UseCompressedClassPointers               = true                           {product lp64_product} {ergonomic}
     bool UseCompressedOops                        = true                           {product lp64_product} {ergonomic}
     bool UseLargePagesIndividualAllocation        = false                                  {pd product} {ergonomic}
     bool UseParallelGC                            = true                                      {product} {command line}

Logging:
Log output configuration:
 #0: stdout all=off uptime,level,tags
 #1: stderr all=off uptime,level,tags

Environment Variables:
PATH=C:\Program Files\Common Files\Oracle\Java\javapath;C:\Program Files\Python38\;C:\Program Files\Python38\Scripts\;C:\Users\DCL\AppData\Local\Programs\Python\Python39\;C:\Users\DCL\AppData\Local\Programs\Python\Python39\Scripts\;C:\Python310\;C:\Python310\Scripts\;C:\Windows\system32;C:\Windows;C:\Windows\System32\Wbem;C:\Windows\System32\WindowsPowerShell\v1.0\;C:\Windows\System32\OpenSSH\;C:\MinGW\bin;C:\Program Files\Git\cmd;C:\Program Files\GitHub CLI\;C:\Program Files\PostgreSQL\14\bin;C:\ProgramData\chocolatey\bin;D:\xampp\php;C:\Program Files\dotnet\;C:\Program Files\PuTTY\;C:\ProgramData\ComposerSetup\bin;C:\Users\DCL\AppData\Roaming\nvm;C:\Program Files\nodejs;C:\Program Files\nodejs\;C:\Users\DCL\AppData\Local\Programs\Python\Python36\;C:\Users\DCL\AppData\Local\Programs\Python\Python36\Scripts\;C:\Program Files\MySQL\MySQL Shell 8.0\bin\;C:\Users\DCL\AppData\Local\Programs\Python\Python39\Scripts\;C:\Users\DCL\AppData\Local\Programs\Python\Python39\;C:\Users\DCL\AppData\Local\Microsoft\WindowsApps;C:\MinGW\bin;C:\Program Files\JetBrains\PyCharm Edu 2021.2\bin;;C:\Program Files\JetBrains\PyCharm 2021.2.2\bin;;C:\Program Files\JetBrains\PyCharm Community Edition 2021.3.1\bin;;C:\Users\DCL\AppData\Local\Programs\Microsoft VS Code\bin;C:\Program Files\heroku\bin;C:\Users\DCL\AppData\Roaming\Composer\vendor\bin;C:\Users\DCL\AppData\Roaming\nvm;C:\Program Files\nodejs;C:\Users\DCL\AppData\Roaming\npm
USERNAME=DCL
OS=Windows_NT
PROCESSOR_IDENTIFIER=Intel64 Family 6 Model 142 Stepping 12, GenuineIntel
TMP=C:\Users\DCL\AppData\Local\Temp
TEMP=C:\Users\DCL\AppData\Local\Temp



Periodic native trim disabled


---------------  S Y S T E M  ---------------

OS:
 Windows 10 , 64 bit Build 19041 (10.0.19041.4957)
OS uptime: 4 days 23:27 hours
Hyper-V role detected

CPU: total 4 (initial active 4) (2 cores per cpu, 2 threads per core) family 6 model 142 stepping 12 microcode 0xca, cx8, cmov, fxsr, ht, mmx, 3dnowpref, sse, sse2, sse3, ssse3, sse4.1, sse4.2, popcnt, lzcnt, tsc, tscinvbit, avx, avx2, aes, erms, clmul, bmi1, bmi2, adx, fma, vzeroupper, clflush, clflushopt, hv
Processor Information for all 4 processors :
  Max Mhz: 2592, Current Mhz: 2093, Mhz Limit: 2073

Memory: 4k page, system-wide physical 7977M (426M free)
TotalPageFile size 20794M (AvailPageFile size 9M)
current process WorkingSet (physical memory assigned to process): 202M, peak: 237M
current process commit charge ("private bytes"): 269M, peak: 302M

vm_info: OpenJDK 64-Bit Server VM (17.0.13+11) for windows-amd64 JRE (17.0.13+11), built on Oct 16 2024 00:10:08 by "admin" with MS VC++ 17.7 (VS2022)

END.
